<?xml version="1.0" encoding="UTF-8" ?>
<testsuite errors="0" failures="2" hostname="chrisharris" name="org.apache.lucene.analysis.shingle.ShingleFilterTest" tests="7" time="0.563" timestamp="2009-09-08T20:50:50">
  <properties>
    <property name="java.vendor" value="Sun Microsystems Inc." />
    <property name="sun.java.launcher" value="SUN_STANDARD" />
    <property name="maven.dist.dir" value="c:\code\lucene\lucene-r811157B\dist\maven" />
    <property name="junit.excludes" value="" />
    <property name="sun.management.compiler" value="HotSpot Client Compiler" />
    <property name="docs.dir" value="c:\code\lucene\lucene-r811157B\contrib\analyzers\common\src\test" />
    <property name="changes.src.dir" value="c:\code\lucene\lucene-r811157B/src/site/changes" />
    <property name="os.name" value="Windows XP" />
    <property name="changes.target.dir" value="c:\code\lucene\lucene-r811157B/build/docs/changes" />
    <property name="sun.boot.class.path" value="c:\java\jdk1.6.0_07\jre\lib\resources.jar;c:\java\jdk1.6.0_07\jre\lib\rt.jar;c:\java\jdk1.6.0_07\jre\lib\sunrsasign.jar;c:\java\jdk1.6.0_07\jre\lib\jsse.jar;c:\java\jdk1.6.0_07\jre\lib\jce.jar;c:\java\jdk1.6.0_07\jre\lib\charsets.jar;c:\java\jdk1.6.0_07\jre\classes" />
    <property name="TODAY" value="September 8 2009" />
    <property name="m2.repository.private.key" value="C:\Documents and Settings\charris.KMLLC/.ssh/id_dsa" />
    <property name="javac.target" value="1.4" />
    <property name="sun.desktop" value="windows" />
    <property name="java.vm.specification.vendor" value="Sun Microsystems Inc." />
    <property name="ant.home" value="c:/Program Files/apache-ant-1.7.1" />
    <property name="java.runtime.version" value="1.6.0_07-b06" />
    <property name="lucene.version" value="2.9" />
    <property name="svn.exe" value="svn" />
    <property name="user.name" value="charris" />
    <property name="m2.repository.url" value="file://c:\code\lucene\lucene-r811157B\dist\maven" />
    <property name="current.year" value="2009" />
    <property name="build.dir" value="c:\code\lucene\lucene-r811157B\build\contrib\analyzers\common" />
    <property name="benchmark.work.dir" value="c:\code\lucene\lucene-r811157B\contrib\benchmark\work" />
    <property name="dataDir" value="c:\code\lucene\lucene-r811157B\contrib\analyzers\common\src\test" />
    <property name="javac.deprecation" value="off" />
    <property name="javadoc.link" value="http://java.sun.com/j2se/1.4/docs/api/" />
    <property name="user.language" value="en" />
    <property name="build.encoding" value="utf-8" />
    <property name="sun.boot.library.path" value="c:\java\jdk1.6.0_07\jre\bin" />
    <property name="ant.project.name" value="analyzers" />
    <property name="DSTAMP" value="2009-09-08" />
    <property name="index.dir" value="c:\code\lucene\lucene-r811157B\build\contrib\analyzers\common\test\index" />
    <property name="java.version" value="1.6.0_07" />
    <property name="version" value="2.9" />
    <property name="user.timezone" value="" />
    <property name="spec.version" value="2.9" />
    <property name="jflex.home" value="c:\code\lucene\lucene-r811157B" />
    <property name="tests.verbose" value="false" />
    <property name="sun.arch.data.model" value="32" />
    <property name="javacc.files.uptodate" value="true" />
    <property name="junit-location.jar" value="c:\code\lucene\lucene-r811157B/lib/junit-3.8.2.jar" />
    <property name="java.endorsed.dirs" value="c:\java\jdk1.6.0_07\jre\lib\endorsed" />
    <property name="jflex.files.uptodate" value="true" />
    <property name="sun.cpu.isalist" value="" />
    <property name="sun.jnu.encoding" value="Cp1252" />
    <property name="file.encoding.pkg" value="sun.io" />
    <property name="file.separator" value="\" />
    <property name="java.specification.name" value="Java Platform API Specification" />
    <property name="java.class.version" value="50.0" />
    <property name="user.country" value="US" />
    <property name="java.home" value="c:\java\jdk1.6.0_07\jre" />
    <property name="dist.dir" value="c:\code\lucene\lucene-r811157B\dist\contrib\analyzers\common" />
    <property name="java.vm.info" value="mixed mode, sharing" />
    <property name="manifest.file" value="c:\code\lucene\lucene-r811157B\build\MANIFEST.MF" />
    <property name="ant.file" value="c:\code\lucene\lucene-r811157B\contrib\analyzers\common\build.xml" />
    <property name="os.version" value="5.1" />
    <property name="javac.source" value="1.4" />
    <property name="javac.debug" value="on" />
    <property name="javadoc.access" value="protected" />
    <property name="path.separator" value=";" />
    <property name="contrib.has.tests" value="true" />
    <property name="java.vm.version" value="10.0-b23" />
    <property name="compatibility.tag" value="lucene_2_4_back_compat_tests_20090903" />
    <property name="user.variant" value="" />
    <property name="ant.library.dir" value="c:/Program Files/apache-ant-1.7.1/lib" />
    <property name="junit.output.dir" value="c:\code\lucene\lucene-r811157B\build\contrib\analyzers\common\test" />
    <property name="tasks.dir" value="c:\code\lucene\lucene-r811157B\build\contrib\analyzers\common\classes\java\org\apache\lucene\benchmark\byTask\tasks" />
    <property name="java.awt.printerjob" value="sun.awt.windows.WPrinterJob" />
    <property name="sun.io.unicode.encoding" value="UnicodeLittle" />
    <property name="awt.toolkit" value="sun.awt.windows.WToolkit" />
    <property name="testcase" value="ShingleFilterTest" />
    <property name="user.home" value="C:\Documents and Settings\charris.KMLLC" />
    <property name="java.specification.vendor" value="Sun Microsystems Inc." />
    <property name="java.library.path" value="c:\java\jdk1.6.0_07\jre\bin;.;C:\WINDOWS\Sun\Java\bin;C:\WINDOWS\system32;C:\WINDOWS;C:\cygwin\usr\local\bin;C:\cygwin\bin;C:\cygwin\bin;C:\cygwin\usr\X11R6\bin;c:\Python25\;c:\WINDOWS\system32;c:\WINDOWS;c:\WINDOWS\System32\Wbem;c:\Program Files\Intel\DMIX;c:\java\jdk1.6.0_07\bin;c:\Program Files\apache-ant-1.7.1\bin;c:\WINDOWS\system32\WindowsPowerShell\v1.0;c:\Program Files\Microsoft SQL Server\100\Tools\Binn\VSShell\Common7\IDE\;c:\Program Files\Microsoft SQL Server\100\Tools\Binn\;c:\Program Files\Microsoft SQL Server\100\DTS\Binn\;c:\Program Files\Windows Resource Kits\Tools;c:\Program Files\TortoiseSVN\bin;c:\Program Files\apache-maven-2.2.0\bin;c:\Program Files\QuickTime\QTSystem\;c:\Program Files\Microsoft Visual Studio\Common\Tools\WinNT;c:\Program Files\Microsoft Visual Studio\Common\MSDev98\Bin;c:\Program Files\Microsoft Visual Studio\Common\Tools;c:\Program Files\Microsoft Visual Studio\VC98\bin;c:\Program Files\Visual Studio 2005 SDK\2007.02\VisualStudioIntegration\Tools\Sandcastle\ProductionTools\" />
    <property name="name" value="analyzers" />
    <property name="java.vendor.url" value="http://java.sun.com/" />
    <property name="ant.file.contrib-build" value="c:\code\lucene\lucene-r811157B\contrib\contrib-build.xml" />
    <property name="java.vm.vendor" value="Sun Microsystems Inc." />
    <property name="args" value="" />
    <property name="tempDir" value="c:\code\lucene\lucene-r811157B\build\contrib\analyzers\common\test" />
    <property name="java.runtime.name" value="Java(TM) SE Runtime Environment" />
    <property name="ant.version" value="Apache Ant version 1.7.1 compiled on June 27 2008" />
    <property name="java.class.path" value="c:\code\lucene\lucene-r811157B\build\lucene-core-2.9.jar;c:\code\lucene\lucene-r811157B\build\classes\test;c:\code\lucene\lucene-r811157B\lib\junit-3.8.2.jar;c:\code\lucene\lucene-r811157B\build\contrib\analyzers\common\classes\java;c:\code\lucene\lucene-r811157B\build\contrib\analyzers\common\classes\test;c:\Program Files\apache-ant-1.7.1\lib\ant-launcher.jar;c:\code\lucene\lucene-r811157B\contrib\analyzers;c:\Program Files\Microsoft SQL Server JDBC Driver\sqljdbc_2.0\enu\sqljdbc.jar;c:\Program Files\Java\jre6\lib\ext\QTJava.zip;c:\Program Files\apache-ant-1.7.1\lib\ant-antlr.jar;c:\Program Files\apache-ant-1.7.1\lib\ant-apache-bcel.jar;c:\Program Files\apache-ant-1.7.1\lib\ant-apache-bsf.jar;c:\Program Files\apache-ant-1.7.1\lib\ant-apache-log4j.jar;c:\Program Files\apache-ant-1.7.1\lib\ant-apache-oro.jar;c:\Program Files\apache-ant-1.7.1\lib\ant-apache-regexp.jar;c:\Program Files\apache-ant-1.7.1\lib\ant-apache-resolver.jar;c:\Program Files\apache-ant-1.7.1\lib\ant-commons-logging.jar;c:\Program Files\apache-ant-1.7.1\lib\ant-commons-net.jar;c:\Program Files\apache-ant-1.7.1\lib\ant-jai.jar;c:\Program Files\apache-ant-1.7.1\lib\ant-javamail.jar;c:\Program Files\apache-ant-1.7.1\lib\ant-jdepend.jar;c:\Program Files\apache-ant-1.7.1\lib\ant-jmf.jar;c:\Program Files\apache-ant-1.7.1\lib\ant-jsch.jar;c:\Program Files\apache-ant-1.7.1\lib\ant-junit.jar;c:\Program Files\apache-ant-1.7.1\lib\ant-netrexx.jar;c:\Program Files\apache-ant-1.7.1\lib\ant-nodeps.jar;c:\Program Files\apache-ant-1.7.1\lib\ant-starteam.jar;c:\Program Files\apache-ant-1.7.1\lib\ant-stylebook.jar;c:\Program Files\apache-ant-1.7.1\lib\ant-swing.jar;c:\Program Files\apache-ant-1.7.1\lib\ant-testutil.jar;c:\Program Files\apache-ant-1.7.1\lib\ant-trax.jar;c:\Program Files\apache-ant-1.7.1\lib\ant-weblogic.jar;c:\Program Files\apache-ant-1.7.1\lib\ant.jar;c:\Program Files\apache-ant-1.7.1\lib\xercesImpl.jar;c:\Program Files\apache-ant-1.7.1\lib\xml-apis.jar;c:\java\jdk1.6.0_07\lib\tools.jar;c:\code\lucene\lucene-r811157B\contrib\analyzers\common" />
    <property name="year" value="2000-2009" />
    <property name="lucene.tests.present" value="true" />
    <property name="tags.dir" value="c:\code\lucene\lucene-r811157B\contrib\analyzers\common\tags" />
    <property name="project.name" value="site" />
    <property name="TSTAMP" value="13:50:40" />
    <property name="junit.includes" value="**/Test*.java,**/*Test.java" />
    <property name="java.vm.specification.name" value="Java Virtual Machine Specification" />
    <property name="ant.file.analyzers" value="c:\code\lucene\lucene-r811157B\contrib\analyzers\common\build.xml" />
    <property name="javadoc.charset" value="utf-8" />
    <property name="java.vm.specification.version" value="1.0" />
    <property name="junit.jar" value="junit-3.8.2.jar" />
    <property name="sun.os.patch.level" value="Service Pack 3" />
    <property name="sun.cpu.endian" value="little" />
    <property name="java.io.tmpdir" value="c:\code\lucene\lucene-r811157B\build\contrib\analyzers\common\test" />
    <property name="svnversion.exe" value="svnversion" />
    <property name="cygwin.user.home" value="z:/" />
    <property name="lucene.jar" value="c:\code\lucene\lucene-r811157B\build\lucene-core-2.9.jar" />
    <property name="java.vendor.url.bug" value="http://java.sun.com/cgi-bin/bugreport.cgi" />
    <property name="Name" value="Lucene" />
    <property name="junit.reports" value="c:\code\lucene\lucene-r811157B\build\contrib\analyzers\common\test\reports" />
    <property name="ant.file.common" value="c:\code\lucene\lucene-r811157B\common-build.xml" />
    <property name="java.awt.graphicsenv" value="sun.awt.Win32GraphicsEnvironment" />
    <property name="os.arch" value="x86" />
    <property name="javacc.home" value="c:\code\lucene\lucene-r811157B" />
    <property name="java.ext.dirs" value="c:\java\jdk1.6.0_07\jre\lib\ext;C:\WINDOWS\Sun\Java\lib\ext" />
    <property name="common.dir" value="c:\code\lucene\lucene-r811157B" />
    <property name="user.dir" value="c:\code\lucene\lucene-r811157B\contrib\analyzers" />
    <property name="lucene.jar.present" value="true" />
    <property name="line.separator" value="
" />
    <property name="java.vm.name" value="Java HotSpot(TM) Client VM" />
    <property name="pom.xml.present" value="true" />
    <property name="clover.db.dir" value="c:\code\lucene\lucene-r811157B\build\test\clover\db" />
    <property name="basedir" value="c:\code\lucene\lucene-r811157B\contrib\analyzers\common" />
    <property name="ant.java.version" value="1.6" />
    <property name="ant.core.lib" value="c:\Program Files\apache-ant-1.7.1\lib\ant.jar" />
    <property name="lucene.common.dir" value="c:\code\lucene\lucene-r811157B" />
    <property name="file.encoding" value="Cp1252" />
    <property name="final.name" value="lucene-analyzers-2.9" />
    <property name="clover.report.dir" value="c:\code\lucene\lucene-r811157B\build\test\clover\reports" />
    <property name="java.specification.version" value="1.6" />
    <property name="dev.version" value="2.9" />
    <property name="src.dir" value="c:\code\lucene\lucene-r811157B\contrib\analyzers\common\src\java" />
    <property name="javadoc.dir" value="c:\code\lucene\lucene-r811157B/build/docs/api" />
    <property name="pom.xml" value="pom.xml.template" />
  </properties>
  <testcase classname="org.apache.lucene.analysis.shingle.ShingleFilterTest" name="testBiGramFilter" time="0.063" />
  <testcase classname="org.apache.lucene.analysis.shingle.ShingleFilterTest" name="testBiGramFilterWithHoles" time="0.0" />
  <testcase classname="org.apache.lucene.analysis.shingle.ShingleFilterTest" name="testBiGramFilterWithoutUnigrams" time="0.016">
    <failure message="Wrong termText expected:&lt;please[ divide]&gt; but was:&lt;please[]&gt;" type="junit.framework.ComparisonFailure">junit.framework.ComparisonFailure: Wrong termText expected:&lt;please[ divide]&gt; but was:&lt;please[]&gt;
	at org.apache.lucene.analysis.shingle.ShingleFilterTest.shingleFilterTest(ShingleFilterTest.java:283)
	at org.apache.lucene.analysis.shingle.ShingleFilterTest.testBiGramFilterWithoutUnigrams(ShingleFilterTest.java:222)
	at org.apache.lucene.util.LuceneTestCase.runBare(LuceneTestCase.java:212)
	at org.apache.lucene.analysis.BaseTokenStreamTestCase.runBare(BaseTokenStreamTestCase.java:69)
</failure>
  </testcase>
  <testcase classname="org.apache.lucene.analysis.shingle.ShingleFilterTest" name="testBiGramFilterWithSingleToken" time="0.0" />
  <testcase classname="org.apache.lucene.analysis.shingle.ShingleFilterTest" name="testBiGramFilterWithSingleTokenWithoutUnigrams" time="0.015">
    <failure message="ShingleFilter outputted more tokens than expected" type="junit.framework.AssertionFailedError">	at org.apache.lucene.analysis.shingle.ShingleFilterTest.shingleFilterTest(ShingleFilterTest.java:280)
	at org.apache.lucene.analysis.shingle.ShingleFilterTest.testBiGramFilterWithSingleTokenWithoutUnigrams(ShingleFilterTest.java:234)
	at org.apache.lucene.util.LuceneTestCase.runBare(LuceneTestCase.java:212)
	at org.apache.lucene.analysis.BaseTokenStreamTestCase.runBare(BaseTokenStreamTestCase.java:69)
</failure>
  </testcase>
  <testcase classname="org.apache.lucene.analysis.shingle.ShingleFilterTest" name="testTriGramFilter" time="0.0" />
  <testcase classname="org.apache.lucene.analysis.shingle.ShingleFilterTest" name="testReset" time="0.016" />
  <system-out><![CDATA[Test failure of 'testBiGramFilterWithoutUnigrams' occurred with onlyUseNewAPI=false
Test failure of 'testBiGramFilterWithSingleTokenWithoutUnigrams' occurred with onlyUseNewAPI=false
]]></system-out>
  <system-err><![CDATA[]]></system-err>
</testsuite>
