<testsuite errors="0" failures="0" tests="0" skipped="0" name="org.apache.lucene.TestSearch" hostname="nohost.nodomain" time="0.073" timestamp="2012-06-14T17:52:45">
   <properties class="java.util.ArrayList">
      <property name="file.encoding" value="UTF-8"/>
      <property name="file.encoding.pkg" value="sun.io"/>
      <property name="file.separator" value="/"/>
      <property name="java.awt.graphicsenv" value="sun.awt.X11GraphicsEnvironment"/>
      <property name="java.awt.printerjob" value="sun.print.PSPrinterJob"/>
      <property name="java.class.path" value="/home/hossman/lucene/4x_dev/lucene/build/test-framework/classes/java:/home/hossman/lucene/4x_dev/lucene/test-framework/lib/junit-4.10.jar:/home/hossman/lucene/4x_dev/lucene/test-framework/lib/randomizedtesting-runner-1.5.0.jar:/home/hossman/lucene/4x_dev/lucene/build/core/classes/java:/home/hossman/lucene/4x_dev/lucene/build/core/classes/test:/opt/ant/default/lib/ant-launcher.jar:/home/hossman/.ant/lib/ivy-2.2.0.jar:/opt/ant/default/lib/ant-jsch.jar:/opt/ant/default/lib/ant-apache-xalan2.jar:/opt/ant/default/lib/ant-apache-bsf.jar:/opt/ant/default/lib/ant-netrexx.jar:/opt/ant/default/lib/ant-javamail.jar:/opt/ant/default/lib/ant.jar:/opt/ant/default/lib/ant-apache-regexp.jar:/opt/ant/default/lib/ant-apache-resolver.jar:/opt/ant/default/lib/ant-apache-bcel.jar:/opt/ant/default/lib/ant-swing.jar:/opt/ant/default/lib/ant-apache-oro.jar:/opt/ant/default/lib/ant-junit.jar:/opt/ant/default/lib/ant-jdepend.jar:/opt/ant/default/lib/ant-commons-logging.jar:/opt/ant/default/lib/ant-jai.jar:/opt/ant/default/lib/ant-antlr.jar:/opt/ant/default/lib/ant-apache-log4j.jar:/opt/ant/default/lib/ant-jmf.jar:/opt/ant/default/lib/ant-commons-net.jar:/opt/ant/default/lib/ant-testutil.jar:/opt/ant/default/lib/ant-junit4.jar:/usr/lib/jvm/java-6-sun-1.6.0.24/lib/tools.jar:/home/hossman/lucene/4x_dev/lucene/test-framework/lib/junit4-ant-1.5.0.jar"/>
      <property name="java.class.version" value="50.0"/>
      <property name="java.endorsed.dirs" value="/usr/lib/jvm/java-6-sun-1.6.0.24/jre/lib/endorsed"/>
      <property name="java.ext.dirs" value="/usr/lib/jvm/java-6-sun-1.6.0.24/jre/lib/ext:/usr/java/packages/lib/ext"/>
      <property name="java.home" value="/usr/lib/jvm/java-6-sun-1.6.0.24/jre"/>
      <property name="java.io.tmpdir" value="/tmp"/>
      <property name="java.library.path" value="/usr/lib/jvm/java-6-sun-1.6.0.24/jre/lib/amd64/server:/usr/lib/jvm/java-6-sun-1.6.0.24/jre/lib/amd64:/usr/lib/jvm/java-6-sun-1.6.0.24/jre/../lib/amd64:/usr/java/packages/lib/amd64:/usr/lib64:/lib64:/lib:/usr/lib"/>
      <property name="java.runtime.name" value="Java(TM) SE Runtime Environment"/>
      <property name="java.runtime.version" value="1.6.0_24-b07"/>
      <property name="java.specification.name" value="Java Platform API Specification"/>
      <property name="java.specification.vendor" value="Sun Microsystems Inc."/>
      <property name="java.specification.version" value="1.6"/>
      <property name="java.util.logging.config.file" value="/dev/null"/>
      <property name="java.vendor" value="Sun Microsystems Inc."/>
      <property name="java.vendor.url" value="http://java.sun.com/"/>
      <property name="java.vendor.url.bug" value="http://java.sun.com/cgi-bin/bugreport.cgi"/>
      <property name="java.version" value="1.6.0_24"/>
      <property name="java.vm.info" value="mixed mode"/>
      <property name="java.vm.name" value="Java HotSpot(TM) 64-Bit Server VM"/>
      <property name="java.vm.specification.name" value="Java Virtual Machine Specification"/>
      <property name="java.vm.specification.vendor" value="Sun Microsystems Inc."/>
      <property name="java.vm.specification.version" value="1.0"/>
      <property name="java.vm.vendor" value="Sun Microsystems Inc."/>
      <property name="java.vm.version" value="19.1-b02"/>
      <property name="jetty.insecurerandom" value="1"/>
      <property name="jetty.testMode" value="1"/>
      <property name="junit4.memory.total" value="124125184"/>
      <property name="junit4.processors" value="2"/>
      <property name="line.separator" value="
"/>
      <property name="lucene.version" value="4.0-SNAPSHOT"/>
      <property name="os.arch" value="amd64"/>
      <property name="os.name" value="Linux"/>
      <property name="os.version" value="2.6.31-23-generic"/>
      <property name="path.separator" value=":"/>
      <property name="solr.directoryFactory" value="org.apache.solr.core.MockDirectoryFactory"/>
      <property name="sun.arch.data.model" value="64"/>
      <property name="sun.boot.class.path" value="/usr/lib/jvm/java-6-sun-1.6.0.24/jre/lib/resources.jar:/usr/lib/jvm/java-6-sun-1.6.0.24/jre/lib/rt.jar:/usr/lib/jvm/java-6-sun-1.6.0.24/jre/lib/sunrsasign.jar:/usr/lib/jvm/java-6-sun-1.6.0.24/jre/lib/jsse.jar:/usr/lib/jvm/java-6-sun-1.6.0.24/jre/lib/jce.jar:/usr/lib/jvm/java-6-sun-1.6.0.24/jre/lib/charsets.jar:/usr/lib/jvm/java-6-sun-1.6.0.24/jre/lib/modules/jdk.boot.jar:/usr/lib/jvm/java-6-sun-1.6.0.24/jre/classes"/>
      <property name="sun.boot.library.path" value="/usr/lib/jvm/java-6-sun-1.6.0.24/jre/lib/amd64"/>
      <property name="sun.cpu.endian" value="little"/>
      <property name="sun.cpu.isalist" value=""/>
      <property name="sun.desktop" value="gnome"/>
      <property name="sun.io.unicode.encoding" value="UnicodeLittle"/>
      <property name="sun.java.launcher" value="SUN_STANDARD"/>
      <property name="sun.jnu.encoding" value="UTF-8"/>
      <property name="sun.management.compiler" value="HotSpot 64-Bit Server Compiler"/>
      <property name="sun.os.patch.level" value="unknown"/>
      <property name="tempDir" value="."/>
      <property name="tests.asserts.gracious" value="false"/>
      <property name="tests.cleanthreads" value="perMethod"/>
      <property name="tests.codec" value="random"/>
      <property name="tests.directory" value="random"/>
      <property name="tests.infostream" value="false"/>
      <property name="tests.iters" value="2"/>
      <property name="tests.linedocsfile" value="europarl.lines.txt.gz"/>
      <property name="tests.locale" value="random"/>
      <property name="tests.lockdir" value="/home/hossman/lucene/4x_dev/lucene/build"/>
      <property name="tests.luceneMatchVersion" value="4.0"/>
      <property name="tests.method" value="testFailure"/>
      <property name="tests.multiplier" value="1"/>
      <property name="tests.nightly" value="false"/>
      <property name="tests.postingsformat" value="random"/>
      <property name="tests.prefix" value="tests"/>
      <property name="tests.seed" value="9BA05DE6F296F7C4"/>
      <property name="tests.slow" value="false"/>
      <property name="tests.timezone" value="random"/>
      <property name="tests.verbose" value="false"/>
      <property name="tests.weekly" value="false"/>
      <property name="user.country" value="US"/>
      <property name="user.dir" value="/home/hossman/lucene/4x_dev/lucene/build/core/test/J0"/>
      <property name="user.home" value="/home/hossman"/>
      <property name="user.language" value="en"/>
      <property name="user.name" value="hossman"/>
      <property name="user.timezone" value=""/>
   </properties>
   <system-out><![CDATA[]]></system-out>
   <system-err><![CDATA[]]></system-err>
</testsuite>